#
# There is insufficient memory for the Java Runtime Environment to continue.
# Native memory allocation (mmap) failed to map 125829120 bytes for G1 virtual space
# Possible reasons:
#   The system is out of physical RAM or swap space
#   The process is running with CompressedOops enabled, and the Java Heap may be blocking the growth of the native heap
# Possible solutions:
#   Reduce memory load on the system
#   Increase physical memory or swap space
#   Check if swap backing store is full
#   Decrease Java heap size (-Xmx/-Xms)
#   Decrease number of Java threads
#   Decrease Java thread stack sizes (-Xss)
#   Set larger code cache with -XX:ReservedCodeCacheSize=
#   JVM is running with Unscaled Compressed Oops mode in which the Java heap is
#     placed in the first 4GB address space. The Java Heap base address is the
#     maximum limit for the native heap growth. Please use -XX:HeapBaseMinAddress
#     to set the Java Heap base and to place the Java Heap above 4GB virtual address.
# This output file may be truncated or incomplete.
#
#  Out of Memory Error (os_windows.cpp:3469), pid=10968, tid=13676
#
# JRE version:  (17.0.1+12) (build )
# Java VM: OpenJDK 64-Bit Server VM (17.0.1+12, mixed mode, sharing, tiered, compressed oops, compressed class ptrs, g1 gc, windows-amd64)
# No core dump will be written. Minidumps are not enabled by default on client versions of Windows
#

---------------  S U M M A R Y ------------

Command Line: -Dfile.encoding=UTF8 -Dfile.encoding=UTF8 -XX:+ShowCodeDetailsInExceptionMessages test.hw.RpsGameFormatting1

Host: AMD A4-5000 APU with Radeon(TM) HD Graphics    , 4 cores, 7G,  Windows 10 , 64 bit Build 19041 (10.0.19041.1645)
Time: Wed Feb 14 15:22:44 2024 RTZ 2 (s 10 , 64 bit Build 19041 (10.0.19041.1645) elapsed time: 0.057765 seconds (0d 0h 0m 0s)

---------------  T H R E A D  ---------------

Current thread (0x0000020d6356e6e0):  JavaThread "Unknown thread" [_thread_in_vm, id=13676, stack(0x0000008cdc900000,0x0000008cdca00000)]

Stack: [0x0000008cdc900000,0x0000008cdca00000]
Native frames: (J=compiled Java code, j=interpreted, Vv=VM code, C=native code)
V  [jvm.dll+0x6744da]
V  [jvm.dll+0x82e144]
V  [jvm.dll+0x82f8ee]
V  [jvm.dll+0x82ff53]
V  [jvm.dll+0x245175]
V  [jvm.dll+0x6714c9]
V  [jvm.dll+0x665f92]
V  [jvm.dll+0x303c3b]
V  [jvm.dll+0x30b176]
V  [jvm.dll+0x35af1e]
V  [jvm.dll+0x35b14f]
V  [jvm.dll+0x2dab78]
V  [jvm.dll+0x2dbae4]
V  [jvm.dll+0x7ffdf1]
V  [jvm.dll+0x368c91]
V  [jvm.dll+0x7df2cc]
V  [jvm.dll+0x3eb59f]
V  [jvm.dll+0x3ed121]
C  [jli.dll+0x5277]
C  [ucrtbase.dll+0x21bb2]
C  [KERNEL32.DLL+0x17034]
C  [ntdll.dll+0x52651]


---------------  P R O C E S S  ---------------

Threads class SMR info:
_java_thread_list=0x00007ff86b754e58, length=0, elements={
}

Java Threads: ( => current thread )

Other Threads:
  0x0000020d635aa670 GCTaskThread "GC Thread#0" [stack: 0x0000008cdca00000,0x0000008cdcb00000] [id=10984]
  0x0000020d635bb440 ConcurrentGCThread "G1 Main Marker" [stack: 0x0000008cdcb00000,0x0000008cdcc00000] [id=5808]
  0x0000020d635bc730 ConcurrentGCThread "G1 Conc#0" [stack: 0x0000008cdcc00000,0x0000008cdcd00000] [id=3028]

[error occurred during error reporting (printing all threads), id 0xc0000005, EXCEPTION_ACCESS_VIOLATION (0xc0000005) at pc=0x00007ff86af2b5f7]

VM state: not at safepoint (not fully initialized)

VM Mutex/Monitor currently owned by a thread:  ([mutex/lock_event])
[0x0000020d63567000] Heap_lock - owner thread: 0x0000020d6356e6e0

Heap address: 0x0000000088c00000, size: 1908 MB, Compressed Oops mode: 32-bit

CDS archive(s) mapped at: [0x0000000000000000-0x0000000000000000-0x0000000000000000), size 0, SharedBaseAddress: 0x0000000800000000, ArchiveRelocationMode: 0.
Narrow klass base: 0x0000000000000000, Narrow klass shift: 0, Narrow klass range: 0x0

GC Precious Log:
<Empty>

Heap:
 garbage-first heap   total 0K, used 0K [0x0000000088c00000, 0x0000000100000000)
  region size 1024K, 0 young (0K), 0 survivors (0K)

[error occurred during error reporting (printing heap information), id 0xc0000005, EXCEPTION_ACCESS_VIOLATION (0xc0000005) at pc=0x00007ff86b30d729]

GC Heap History (0 events):
No events

Deoptimization events (0 events):
No events

Classes unloaded (0 events):
No events

Classes redefined (0 events):
No events

Internal exceptions (0 events):
No events

VM Operations (0 events):
No events

Events (1 events):
Event: 0.029 Loaded shared library C:\Hobby\JAVA\eclips\eclipse\plugins\org.eclipse.justj.openjdk.hotspot.jre.full.win32.x86_64_17.0.1.v20211116-1657\jre\bin\java.dll


Dynamic libraries:
0x00007ff7813d0000 - 0x00007ff7813de000 	C:\Hobby\JAVA\eclips\eclipse\plugins\org.eclipse.justj.openjdk.hotspot.jre.full.win32.x86_64_17.0.1.v20211116-1657\jre\bin\javaw.exe
0x00007ff8ad2b0000 - 0x00007ff8ad4a5000 	C:\WINDOWS\SYSTEM32\ntdll.dll
0x00007ff8abb70000 - 0x00007ff8abc2e000 	C:\WINDOWS\System32\KERNEL32.DLL
0x00007ff8aaa50000 - 0x00007ff8aad18000 	C:\WINDOWS\System32\KERNELBASE.dll
0x00007ff8ab1b0000 - 0x00007ff8ab2b0000 	C:\WINDOWS\System32\ucrtbase.dll
0x00007ff8a50f0000 - 0x00007ff8a5109000 	C:\Hobby\JAVA\eclips\eclipse\plugins\org.eclipse.justj.openjdk.hotspot.jre.full.win32.x86_64_17.0.1.v20211116-1657\jre\bin\VCRUNTIME140.dll
0x00007ff8a5080000 - 0x00007ff8a5098000 	C:\Hobby\JAVA\eclips\eclipse\plugins\org.eclipse.justj.openjdk.hotspot.jre.full.win32.x86_64_17.0.1.v20211116-1657\jre\bin\jli.dll
0x00007ff894400000 - 0x00007ff89469a000 	C:\WINDOWS\WinSxS\amd64_microsoft.windows.common-controls_6595b64144ccf1df_6.0.19041.1110_none_60b5254171f9507e\COMCTL32.dll
0x00007ff8ab2e0000 - 0x00007ff8ab37e000 	C:\WINDOWS\System32\msvcrt.dll
0x00007ff8abe60000 - 0x00007ff8abe8a000 	C:\WINDOWS\System32\GDI32.dll
0x00007ff8ab2b0000 - 0x00007ff8ab2d2000 	C:\WINDOWS\System32\win32u.dll
0x00007ff8aafc0000 - 0x00007ff8ab0cb000 	C:\WINDOWS\System32\gdi32full.dll
0x00007ff8aaf20000 - 0x00007ff8aafbd000 	C:\WINDOWS\System32\msvcp_win.dll
0x00007ff8ad0a0000 - 0x00007ff8ad240000 	C:\WINDOWS\System32\USER32.dll
0x00007ff8abca0000 - 0x00007ff8abcd0000 	C:\WINDOWS\System32\IMM32.DLL
0x00007ff8a64c0000 - 0x00007ff8a64cc000 	C:\Hobby\JAVA\eclips\eclipse\plugins\org.eclipse.justj.openjdk.hotspot.jre.full.win32.x86_64_17.0.1.v20211116-1657\jre\bin\vcruntime140_1.dll
0x00007ff88dc90000 - 0x00007ff88dd21000 	C:\Hobby\JAVA\eclips\eclipse\plugins\org.eclipse.justj.openjdk.hotspot.jre.full.win32.x86_64_17.0.1.v20211116-1657\jre\bin\msvcp140.dll
0x00007ff86ac40000 - 0x00007ff86b886000 	C:\Hobby\JAVA\eclips\eclipse\plugins\org.eclipse.justj.openjdk.hotspot.jre.full.win32.x86_64_17.0.1.v20211116-1657\jre\bin\server\jvm.dll
0x00007ff8abdb0000 - 0x00007ff8abe5e000 	C:\WINDOWS\System32\ADVAPI32.dll
0x00007ff8ab870000 - 0x00007ff8ab90c000 	C:\WINDOWS\System32\sechost.dll
0x00007ff8ac3b0000 - 0x00007ff8ac4d5000 	C:\WINDOWS\System32\RPCRT4.dll
0x00007ff8aba40000 - 0x00007ff8aba48000 	C:\WINDOWS\System32\PSAPI.DLL
0x00007ff8a64d0000 - 0x00007ff8a64d9000 	C:\WINDOWS\SYSTEM32\WSOCK32.dll
0x00007ff8abeb0000 - 0x00007ff8abf1b000 	C:\WINDOWS\System32\WS2_32.dll
0x00007ff8a3d50000 - 0x00007ff8a3d5a000 	C:\WINDOWS\SYSTEM32\VERSION.dll
0x00007ff8a2550000 - 0x00007ff8a2577000 	C:\WINDOWS\SYSTEM32\WINMM.dll
0x00007ff8a88c0000 - 0x00007ff8a88d2000 	C:\WINDOWS\SYSTEM32\kernel.appcore.dll
0x00007ff8a63c0000 - 0x00007ff8a63ca000 	C:\Hobby\JAVA\eclips\eclipse\plugins\org.eclipse.justj.openjdk.hotspot.jre.full.win32.x86_64_17.0.1.v20211116-1657\jre\bin\jimage.dll
0x00007ff897a50000 - 0x00007ff897c34000 	C:\WINDOWS\SYSTEM32\DBGHELP.DLL
0x00007ff897a20000 - 0x00007ff897a4c000 	C:\WINDOWS\SYSTEM32\dbgcore.DLL
0x00007ff8ab120000 - 0x00007ff8ab1a2000 	C:\WINDOWS\System32\bcryptPrimitives.dll
0x00007ff8a4dd0000 - 0x00007ff8a4df5000 	C:\Hobby\JAVA\eclips\eclipse\plugins\org.eclipse.justj.openjdk.hotspot.jre.full.win32.x86_64_17.0.1.v20211116-1657\jre\bin\java.dll

dbghelp: loaded successfully - version: 4.0.5 - missing functions: none
symbol engine: initialized successfully - sym options: 0x614 - pdb path: .;C:\Hobby\JAVA\eclips\eclipse\plugins\org.eclipse.justj.openjdk.hotspot.jre.full.win32.x86_64_17.0.1.v20211116-1657\jre\bin;C:\WINDOWS\SYSTEM32;C:\WINDOWS\WinSxS\amd64_microsoft.windows.common-controls_6595b64144ccf1df_6.0.19041.1110_none_60b5254171f9507e;C:\Hobby\JAVA\eclips\eclipse\plugins\org.eclipse.justj.openjdk.hotspot.jre.full.win32.x86_64_17.0.1.v20211116-1657\jre\bin\server

VM Arguments:
jvm_args: -Dfile.encoding=UTF8 -Dfile.encoding=UTF8 -XX:+ShowCodeDetailsInExceptionMessages 
java_command: test.hw.RpsGameFormatting1
java_class_path (initial): C:\Java\STARTJAVA_SVOY\out
Launcher Type: SUN_STANDARD

[Global flags]
     intx CICompilerCount                          = 3                                         {product} {ergonomic}
     uint ConcGCThreads                            = 1                                         {product} {ergonomic}
     uint G1ConcRefinementThreads                  = 4                                         {product} {ergonomic}
   size_t G1HeapRegionSize                         = 1048576                                   {product} {ergonomic}
    uintx GCDrainStackTargetSize                   = 64                                        {product} {ergonomic}
   size_t InitialHeapSize                          = 125829120                                 {product} {ergonomic}
   size_t MarkStackSize                            = 4194304                                   {product} {ergonomic}
   size_t MaxHeapSize                              = 2000683008                                {product} {ergonomic}
   size_t MinHeapDeltaBytes                        = 1048576                                   {product} {ergonomic}
   size_t MinHeapSize                              = 8388608                                   {product} {ergonomic}
    uintx NonNMethodCodeHeapSize                   = 5832780                                {pd product} {ergonomic}
    uintx NonProfiledCodeHeapSize                  = 122912730                              {pd product} {ergonomic}
    uintx ProfiledCodeHeapSize                     = 122912730                              {pd product} {ergonomic}
    uintx ReservedCodeCacheSize                    = 251658240                              {pd product} {ergonomic}
     bool SegmentedCodeCache                       = true                                      {product} {ergonomic}
     bool ShowCodeDetailsInExceptionMessages       = true                                   {manageable} {command line}
   size_t SoftMaxHeapSize                          = 2000683008                             {manageable} {ergonomic}
     bool UseCompressedClassPointers               = true                           {product lp64_product} {ergonomic}
     bool UseCompressedOops                        = true                           {product lp64_product} {ergonomic}
     bool UseG1GC                                  = true                                      {product} {ergonomic}
     bool UseLargePagesIndividualAllocation        = false                                  {pd product} {ergonomic}

Logging:
Log output configuration:
 #0: stdout all=warning uptime,level,tags
 #1: stderr all=off uptime,level,tags

Environment Variables:
JAVA_HOME=C:\Java\jdk1.8.0_311
JAVA_TOOL_OPTIONS=-Dfile.encoding=UTF8
PATH=C:/Hobby/JAVA/eclips/eclipse//plugins/org.eclipse.justj.openjdk.hotspot.jre.full.win32.x86_64_17.0.1.v20211116-1657/jre/bin/server;C:/Hobby/JAVA/eclips/eclipse//plugins/org.eclipse.justj.openjdk.hotspot.jre.full.win32.x86_64_17.0.1.v20211116-1657/jre/bin;C:\Program Files (x86)\Common Files\Oracle\Java\javapath;C:\Python\Scripts\;C:\Python\;C:\WINDOWS\system32;C:\WINDOWS;C:\WINDOWS\System32\Wbem;C:\WINDOWS\System32\WindowsPowerShell\v1.0\;C:\WINDOWS\System32\OpenSSH\;C:\Java\jdk1.8.0_311\bin;C:\Program Files\Git\cmd;C:\Users\ILYA\AppData\Local\Microsoft\WindowsApps;;C:\Hobby\JAVA\eclips\eclipse;
USERNAME=ILYA
OS=Windows_NT
PROCESSOR_IDENTIFIER=AMD64 Family 22 Model 0 Stepping 1, AuthenticAMD



---------------  S Y S T E M  ---------------

OS:
 Windows 10 , 64 bit Build 19041 (10.0.19041.1645)
OS uptime: 0 days 6:34 hours

CPU: total 4 (initial active 4) (4 cores per cpu, 1 threads per core) family 22 model 0 stepping 1 microcode 0x0, cx8, cmov, fxsr, mmx, 3dnowpref, sse, sse2, sse3, ssse3, sse4a, sse4.1, sse4.2, popcnt, lzcnt, tsc, tscinvbit, avx, aes, clmul, bmi1, vzeroupper, clflush

Memory: 4k page, system-wide physical 7625M (1721M free)
TotalPageFile size 7625M (AvailPageFile size 25M)
current process WorkingSet (physical memory assigned to process): 10M, peak: 10M
current process commit charge ("private bytes"): 51M, peak: 171M

vm_info: OpenJDK 64-Bit Server VM (17.0.1+12) for windows-amd64 JRE (17.0.1+12), built on Oct 20 2021 07:42:55 by "" with MS VC++ 16.7 (VS2019)

END.
